# JRE version: OpenJDK Runtime Environment (17.0.6) (build 17.0.6+0-b2043.56-9586694)
# Java VM: OpenJDK 64-Bit Server VM (17.0.6+0-b2043.56-9586694, mixed mode, tiered, compressed oops, compressed class ptrs, g1 gc, windows-amd64)
GC Precious Log:
 CPUs: 12 total, 12 available
 Memory: 7532M
 Large Page Support: Disabled
 NUMA Support: Disabled
 Compressed Oops: Enabled (32-bit)
 Heap Region Size: 1M
 Heap Min Capacity: 8M
 Heap Initial Capacity: 118M
 Heap Max Capacity: 2G
 Pre-touch: Disabled
 Parallel Workers: 10
 Concurrent Workers: 3
 Concurrent Refinement Workers: 10
 Periodic GC: Disabled
Heap:
 garbage-first heap   total 350208K, used 249695K [0x0000000080000000, 0x0000000100000000)
  region size 1024K, 5 young (5120K), 5 survivors (5120K)
 Metaspace       used 126451K, committed 127104K, reserved 1163264K
  class space    used 16577K, committed 16896K, reserved 1048576K
GC Heap History (20 events):
Event: 20.233 GC heap after
{Heap after GC invocations=37 (full 0):
 garbage-first heap   total 348160K, used 115027K [0x0000000080000000, 0x0000000100000000)
  region size 1024K, 14 young (14336K), 14 survivors (14336K)
 Metaspace       used 107180K, committed 107840K, reserved 1146880K
  class space    used 14441K, committed 14784K, reserved 1048576K
}
Event: 22.272 GC heap before
{Heap before GC invocations=37 (full 0):
 garbage-first heap   total 348160K, used 269651K [0x0000000080000000, 0x0000000100000000)
  region size 1024K, 163 young (166912K), 14 survivors (14336K)
 Metaspace       used 118788K, committed 119488K, reserved 1155072K
  class space    used 15663K, committed 16000K, reserved 1048576K
}
Event: 22.325 GC heap after
{Heap after GC invocations=38 (full 0):
 garbage-first heap   total 350208K, used 181558K [0x0000000080000000, 0x0000000100000000)
  region size 1024K, 21 young (21504K), 21 survivors (21504K)
 Metaspace       used 118788K, committed 119488K, reserved 1155072K
  class space    used 15663K, committed 16000K, reserved 1048576K
}
Event: 22.746 GC heap before
{Heap before GC invocations=38 (full 0):
 garbage-first heap   total 350208K, used 247094K [0x0000000080000000, 0x0000000100000000)
  region size 1024K, 85 young (87040K), 21 survivors (21504K)
 Metaspace       used 119716K, committed 120448K, reserved 1155072K
  class space    used 15761K, committed 16128K, reserved 1048576K
}
Event: 22.792 GC heap after
{Heap after GC invocations=39 (full 0):
 garbage-first heap   total 350208K, used 231872K [0x0000000080000000, 0x0000000100000000)
  region size 1024K, 11 young (11264K), 11 survivors (11264K)
 Metaspace       used 119716K, committed 120448K, reserved 1155072K
  class space    used 15761K, committed 16128K, reserved 1048576K
}
Event: 22.935 GC heap before
{Heap before GC invocations=40 (full 0):
 garbage-first heap   total 350208K, used 212416K [0x0000000080000000, 0x0000000100000000)
  region size 1024K, 41 young (41984K), 11 survivors (11264K)
 Metaspace       used 119804K, committed 120576K, reserved 1155072K
  class space    used 15761K, committed 16128K, reserved 1048576K
}
Event: 22.956 GC heap after
{Heap after GC invocations=41 (full 0):
 garbage-first heap   total 350208K, used 205760K [0x0000000080000000, 0x0000000100000000)
  region size 1024K, 6 young (6144K), 6 survivors (6144K)
 Metaspace       used 119804K, committed 120576K, reserved 1155072K
  class space    used 15761K, committed 16128K, reserved 1048576K
}
Event: 22.976 GC heap before
{Heap before GC invocations=41 (full 0):
 garbage-first heap   total 350208K, used 216000K [0x0000000080000000, 0x0000000100000000)
  region size 1024K, 17 young (17408K), 6 survivors (6144K)
 Metaspace       used 119804K, committed 120576K, reserved 1155072K
  class space    used 15761K, committed 16128K, reserved 1048576K
}
Event: 22.986 GC heap after
{Heap after GC invocations=42 (full 0):
 garbage-first heap   total 350208K, used 213952K [0x0000000080000000, 0x0000000100000000)
  region size 1024K, 3 young (3072K), 3 survivors (3072K)
 Metaspace       used 119804K, committed 120576K, reserved 1155072K
  class space    used 15761K, committed 16128K, reserved 1048576K
}
Event: 23.301 GC heap before
{Heap before GC invocations=42 (full 0):
 garbage-first heap   total 350208K, used 249792K [0x0000000080000000, 0x0000000100000000)
  region size 1024K, 38 young (38912K), 3 survivors (3072K)
 Metaspace       used 120944K, committed 121664K, reserved 1155072K
  class space    used 15917K, committed 16256K, reserved 1048576K
}
Event: 23.316 GC heap after
{Heap after GC invocations=43 (full 0):
 garbage-first heap   total 350208K, used 234151K [0x0000000080000000, 0x0000000100000000)
  region size 1024K, 5 young (5120K), 5 survivors (5120K)
 Metaspace       used 120944K, committed 121664K, reserved 1155072K
  class space    used 15917K, committed 16256K, reserved 1048576K
}
Event: 23.857 GC heap before
{Heap before GC invocations=43 (full 0):
 garbage-first heap   total 350208K, used 260775K [0x0000000080000000, 0x0000000100000000)
  region size 1024K, 32 young (32768K), 5 survivors (5120K)
 Metaspace       used 121805K, committed 122560K, reserved 1155072K
  class space    used 15976K, committed 16320K, reserved 1048576K
}
Event: 23.864 GC heap after
{Heap after GC invocations=44 (full 0):
 garbage-first heap   total 350208K, used 238186K [0x0000000080000000, 0x0000000100000000)
  region size 1024K, 2 young (2048K), 2 survivors (2048K)
 Metaspace       used 121805K, committed 122560K, reserved 1155072K
  class space    used 15976K, committed 16320K, reserved 1048576K
}
Event: 24.223 GC heap before
{Heap before GC invocations=44 (full 0):
 garbage-first heap   total 350208K, used 268906K [0x0000000080000000, 0x0000000100000000)
  region size 1024K, 32 young (32768K), 2 survivors (2048K)
 Metaspace       used 122106K, committed 122816K, reserved 1163264K
  class space    used 15979K, committed 16320K, reserved 1048576K
}
Event: 24.226 GC heap after
{Heap after GC invocations=45 (full 0):
 garbage-first heap   total 350208K, used 238956K [0x0000000080000000, 0x0000000100000000)
  region size 1024K, 3 young (3072K), 3 survivors (3072K)
 Metaspace       used 122106K, committed 122816K, reserved 1163264K
  class space    used 15979K, committed 16320K, reserved 1048576K
}
Event: 24.694 GC heap before
{Heap before GC invocations=45 (full 0):
 garbage-first heap   total 350208K, used 272748K [0x0000000080000000, 0x0000000100000000)
  region size 1024K, 37 young (37888K), 3 survivors (3072K)
 Metaspace       used 123046K, committed 123776K, reserved 1163264K
  class space    used 16079K, committed 16448K, reserved 1048576K
}
Event: 24.700 GC heap after
{Heap after GC invocations=46 (full 0):
 garbage-first heap   total 350208K, used 241808K [0x0000000080000000, 0x0000000100000000)
  region size 1024K, 4 young (4096K), 4 survivors (4096K)
 Metaspace       used 123046K, committed 123776K, reserved 1163264K
  class space    used 16079K, committed 16448K, reserved 1048576K
}
Event: 24.963 GC heap before
{Heap before GC invocations=46 (full 0):
 garbage-first heap   total 350208K, used 277648K [0x0000000080000000, 0x0000000100000000)
  region size 1024K, 40 young (40960K), 4 survivors (4096K)
 Metaspace       used 123544K, committed 124352K, reserved 1163264K
  class space    used 16147K, committed 16512K, reserved 1048576K
}
Event: 24.971 GC heap after
{Heap after GC invocations=47 (full 0):
 garbage-first heap   total 350208K, used 245660K [0x0000000080000000, 0x0000000100000000)
  region size 1024K, 4 young (4096K), 4 survivors (4096K)
 Metaspace       used 123544K, committed 124352K, reserved 1163264K
  class space    used 16147K, committed 16512K, reserved 1048576K
}
Event: 25.291 GC heap before
{Heap before GC invocations=47 (full 0):
 garbage-first heap   total 350208K, used 283548K [0x0000000080000000, 0x0000000100000000)
  region size 1024K, 40 young (40960K), 4 survivors (4096K)
 Metaspace       used 126451K, committed 127104K, reserved 1163264K
  class space    used 16577K, committed 16896K, reserved 1048576K
}

